<dependency>
    <groupId>org.junit.jupiter</groupId>
    <artifactId>junit-jupiter-engine</artifactId>
    <version>5.0.0-M4</version>
    <scope>test</scope>
</dependency>